-------------------------------------------------------------------------------
Test set: biz.AuthenticationManagerTest
-------------------------------------------------------------------------------
Tests run: 24, Failures: 7, Errors: 0, Skipped: 0, Time elapsed: 0.075 s <<< FAILURE! -- in biz.AuthenticationManagerTest
biz.AuthenticationManagerTest.logIn_revealsUserExistence_isError -- Time elapsed: 0.002 s <<< FAILURE!
org.opentest4j.AssertionFailedError: Komunikat powinien być identyczny niezależnie od przyczyny ==> expected: <Nieprawidłowe dane logowania> but was: <Bad Password>
	at org.junit.jupiter.api.AssertionFailureBuilder.build(AssertionFailureBuilder.java:151)
	at org.junit.jupiter.api.AssertionFailureBuilder.buildAndThrow(AssertionFailureBuilder.java:132)
	at org.junit.jupiter.api.AssertEquals.failNotEqual(AssertEquals.java:197)
	at org.junit.jupiter.api.AssertEquals.assertEquals(AssertEquals.java:182)
	at org.junit.jupiter.api.Assertions.assertEquals(Assertions.java:1156)
	at biz.AuthenticationManagerTest.logIn_revealsUserExistence_isError(AuthenticationManagerTest.java:439)
	at java.base/java.lang.reflect.Method.invoke(Method.java:580)
	at java.base/java.util.ArrayList.forEach(ArrayList.java:1596)
	at java.base/java.util.ArrayList.forEach(ArrayList.java:1596)

biz.AuthenticationManagerTest.logIn_nullPassword_isError -- Time elapsed: 0.013 s <<< FAILURE!
org.opentest4j.AssertionFailedError: Unexpected exception type thrown, expected: <java.lang.IllegalArgumentException> but was: <java.lang.NullPointerException>
	at org.junit.jupiter.api.AssertionFailureBuilder.build(AssertionFailureBuilder.java:151)
	at org.junit.jupiter.api.AssertThrows.assertThrows(AssertThrows.java:67)
	at org.junit.jupiter.api.AssertThrows.assertThrows(AssertThrows.java:35)
	at org.junit.jupiter.api.Assertions.assertThrows(Assertions.java:3128)
	at biz.AuthenticationManagerTest.logIn_nullPassword_isError(AuthenticationManagerTest.java:426)
	at java.base/java.lang.reflect.Method.invoke(Method.java:580)
	at java.base/java.util.ArrayList.forEach(ArrayList.java:1596)
	at java.base/java.util.ArrayList.forEach(ArrayList.java:1596)
Caused by: java.lang.NullPointerException: Cannot read the array length because "array" is null
	at java.base/java.nio.CharBuffer.wrap(CharBuffer.java:465)
	at biz.AuthenticationManager.hashPassword(AuthenticationManager.java:61)
	at biz.AuthenticationManager.checkPassword(AuthenticationManager.java:55)
	at biz.AuthenticationManager.logIn(AuthenticationManager.java:39)
	at biz.AuthenticationManagerTest.lambda$logIn_nullPassword_isError$6(AuthenticationManagerTest.java:427)
	at org.junit.jupiter.api.AssertThrows.assertThrows(AssertThrows.java:53)
	... 6 more

biz.AuthenticationManagerTest.roleName_caseSensitive_isError -- Time elapsed: 0.025 s <<< FAILURE!
org.opentest4j.AssertionFailedError: Nieprawidłowa nazwa roli powinna powodować błąd konfiguracji ==> Unexpected exception type thrown, expected: <java.lang.IllegalStateException> but was: <java.lang.ClassCastException>
	at org.junit.jupiter.api.AssertionFailureBuilder.build(AssertionFailureBuilder.java:151)
	at org.junit.jupiter.api.AssertThrows.assertThrows(AssertThrows.java:67)
	at org.junit.jupiter.api.AssertThrows.assertThrows(AssertThrows.java:39)
	at org.junit.jupiter.api.Assertions.assertThrows(Assertions.java:3153)
	at biz.AuthenticationManagerTest.roleName_caseSensitive_isError(AuthenticationManagerTest.java:408)
	at java.base/java.lang.reflect.Method.invoke(Method.java:580)
	at java.base/java.util.ArrayList.forEach(ArrayList.java:1596)
	at java.base/java.util.ArrayList.forEach(ArrayList.java:1596)
Caused by: java.lang.ClassCastException: class model.Operation$MockitoMock$4sAZ9HL3 cannot be cast to class model.operations.Withdraw (model.Operation$MockitoMock$4sAZ9HL3 and model.operations.Withdraw are in unnamed module of loader 'app')
	at biz.AuthenticationManager.canInvokeOperation(AuthenticationManager.java:85)
	at biz.AuthenticationManagerTest.lambda$roleName_caseSensitive_isError$4(AuthenticationManagerTest.java:409)
	at org.junit.jupiter.api.AssertThrows.assertThrows(AssertThrows.java:53)
	... 6 more

biz.AuthenticationManagerTest.withdraw_withoutAccountOwnershipValidation_isError -- Time elapsed: 0.013 s <<< FAILURE!
org.opentest4j.AssertionFailedError: WITHDRAW powinno sprawdzać właściciela konta, a nie tylko user w operacji ==> expected: <false> but was: <true>
	at org.junit.jupiter.api.AssertionFailureBuilder.build(AssertionFailureBuilder.java:151)
	at org.junit.jupiter.api.AssertionFailureBuilder.buildAndThrow(AssertionFailureBuilder.java:132)
	at org.junit.jupiter.api.AssertFalse.failNotFalse(AssertFalse.java:63)
	at org.junit.jupiter.api.AssertFalse.assertFalse(AssertFalse.java:36)
	at org.junit.jupiter.api.Assertions.assertFalse(Assertions.java:239)
	at biz.AuthenticationManagerTest.withdraw_withoutAccountOwnershipValidation_isError(AuthenticationManagerTest.java:375)
	at java.base/java.lang.reflect.Method.invoke(Method.java:580)
	at java.base/java.util.ArrayList.forEach(ArrayList.java:1596)
	at java.base/java.util.ArrayList.forEach(ArrayList.java:1596)

biz.AuthenticationManagerTest.interest_operation_withoutRule_shouldThrow -- Time elapsed: 0.001 s <<< FAILURE!
org.opentest4j.AssertionFailedError: Brak reguły dla INTEREST powinien być błędem, a nie cichym false ==> Expected java.lang.IllegalStateException to be thrown, but nothing was thrown.
	at org.junit.jupiter.api.AssertionFailureBuilder.build(AssertionFailureBuilder.java:152)
	at org.junit.jupiter.api.AssertThrows.assertThrows(AssertThrows.java:73)
	at org.junit.jupiter.api.AssertThrows.assertThrows(AssertThrows.java:39)
	at org.junit.jupiter.api.Assertions.assertThrows(Assertions.java:3153)
	at biz.AuthenticationManagerTest.interest_operation_withoutRule_shouldThrow(AuthenticationManagerTest.java:391)
	at java.base/java.lang.reflect.Method.invoke(Method.java:580)
	at java.base/java.util.ArrayList.forEach(ArrayList.java:1596)
	at java.base/java.util.ArrayList.forEach(ArrayList.java:1596)

biz.AuthenticationManagerTest.paymentIn_shouldNotBeAllowedForRegularUser -- Time elapsed: 0.001 s <<< FAILURE!
org.opentest4j.AssertionFailedError: PAYMENT_IN nie powinno być dozwolone dla zwykłego użytkownika bez dodatkowych warunków ==> expected: <false> but was: <true>
	at org.junit.jupiter.api.AssertionFailureBuilder.build(AssertionFailureBuilder.java:151)
	at org.junit.jupiter.api.AssertionFailureBuilder.buildAndThrow(AssertionFailureBuilder.java:132)
	at org.junit.jupiter.api.AssertFalse.failNotFalse(AssertFalse.java:63)
	at org.junit.jupiter.api.AssertFalse.assertFalse(AssertFalse.java:36)
	at org.junit.jupiter.api.Assertions.assertFalse(Assertions.java:239)
	at biz.AuthenticationManagerTest.paymentIn_shouldNotBeAllowedForRegularUser(AuthenticationManagerTest.java:355)
	at java.base/java.lang.reflect.Method.invoke(Method.java:580)
	at java.base/java.util.ArrayList.forEach(ArrayList.java:1596)
	at java.base/java.util.ArrayList.forEach(ArrayList.java:1596)

biz.AuthenticationManagerTest.logIn_nullUserName_isError -- Time elapsed: 0.001 s <<< FAILURE!
org.opentest4j.AssertionFailedError: Unexpected exception type thrown, expected: <java.lang.IllegalArgumentException> but was: <model.exceptions.UserUnnkownOrBadPasswordException>
	at org.junit.jupiter.api.AssertionFailureBuilder.build(AssertionFailureBuilder.java:151)
	at org.junit.jupiter.api.AssertThrows.assertThrows(AssertThrows.java:67)
	at org.junit.jupiter.api.AssertThrows.assertThrows(AssertThrows.java:35)
	at org.junit.jupiter.api.Assertions.assertThrows(Assertions.java:3128)
	at biz.AuthenticationManagerTest.logIn_nullUserName_isError(AuthenticationManagerTest.java:416)
	at java.base/java.lang.reflect.Method.invoke(Method.java:580)
	at java.base/java.util.ArrayList.forEach(ArrayList.java:1596)
	at java.base/java.util.ArrayList.forEach(ArrayList.java:1596)
Caused by: model.exceptions.UserUnnkownOrBadPasswordException: Bad Password
	at biz.AuthenticationManager.logIn(AuthenticationManager.java:36)
	at biz.AuthenticationManagerTest.lambda$logIn_nullUserName_isError$5(AuthenticationManagerTest.java:417)
	at org.junit.jupiter.api.AssertThrows.assertThrows(AssertThrows.java:53)
	... 6 more

