<?xml version="1.0" encoding="UTF-8"?>
<testsuite xmlns:xsi="http://www.w3.org/2001/XMLSchema-instance" xsi:noNamespaceSchemaLocation="https://maven.apache.org/surefire/maven-surefire-plugin/xsd/surefire-test-report-3.0.xsd" version="3.0" name="model.UserTest" time="0.018" tests="7" errors="0" skipped="0" failures="0">
  <properties>
[...]
</properties>
  <testcase name="shouldHandleEmptyName" classname="model.UserTest" time="0.015"/>
  <testcase name="shouldSetAndGetName" classname="model.UserTest" time="0.001"/>
  <testcase name="shouldSetAndGetRole" classname="model.UserTest" time="0.0"/>
  <testcase name="shouldCreateUserAndSetId" classname="model.UserTest" time="0.001"/>
  <testcase name="shouldSetAllProperties" classname="model.UserTest" time="0.0"/>
  <testcase name="shouldHandleNullName" classname="model.UserTest" time="0.001"/>
  <testcase name="shouldHandleNullRole" classname="model.UserTest" time="0.0"/>
</testsuite>